TN:
SF:dist/data.js
FN:52,searchCandidates
FN:76,findByCode
FN:90,ch99ForOrigin
FN:107,ch99Universal
FN:112,parseAdderPct
FN:117,parseRatePct
FN:129,ch99FromFootnotes
FN:141,loadWatchlist
FN:149,saveWatchlist
FN:153,diffRates
FN:162,inScope
FNF:11
FNH:11
FNDA:5,searchCandidates
FNDA:7,findByCode
FNDA:3,ch99ForOrigin
FNDA:2,ch99Universal
FNDA:38,parseAdderPct
FNDA:5,parseRatePct
FNDA:3,ch99FromFootnotes
FNDA:4,loadWatchlist
FNDA:2,saveWatchlist
FNDA:4,diffRates
FNDA:28,inScope
DA:1,2
DA:2,2
DA:3,2
DA:4,2
DA:5,2
DA:6,2
DA:7,2
DA:8,2
DA:9,2
DA:10,2
DA:11,2
DA:12,2
DA:13,2
DA:14,2
DA:15,2
DA:16,2
DA:17,2
DA:18,2
DA:19,35804
DA:20,35804
DA:21,35804
DA:22,35804
DA:23,35804
DA:24,35804
DA:25,35804
DA:26,35804
DA:27,35804
DA:28,35804
DA:29,35804
DA:30,11814
DA:31,19082
DA:32,11813
DA:33,11813
DA:34,11813
DA:35,11813
DA:36,11813
DA:37,11813
DA:38,19082
DA:39,11814
DA:40,35804
DA:41,35804
DA:42,35804
DA:43,35804
DA:44,35804
DA:45,35804
DA:46,2
DA:47,2
DA:48,2
DA:49,2
DA:50,2
DA:51,2
DA:52,2
DA:53,5
DA:54,5
DA:55,5
DA:56,5
DA:57,3
DA:58,3
DA:59,23706
DA:60,23706
DA:61,23706
DA:62,23706
DA:63,23706
DA:64,23706
DA:65,47417
DA:66,23706
DA:67,23706
DA:68,23706
DA:69,23706
DA:70,3
DA:71,3
DA:72,3
DA:73,3
DA:74,5
DA:75,2
DA:76,2
DA:77,7
DA:78,7
DA:79,7
DA:80,6
DA:81,6
DA:82,7
DA:83,3
DA:84,3
DA:85,7
DA:86,2
DA:87,2
DA:88,2
DA:89,2
DA:90,2
DA:91,3
DA:92,3
DA:93,3
DA:94,3
DA:95,3
DA:96,3
DA:97,3
DA:98,3
DA:99,3
DA:100,3
DA:101,3110
DA:102,3110
DA:103,3
DA:104,3
DA:105,3
DA:106,2
DA:107,2
DA:108,2
DA:109,2
DA:110,2
DA:111,2
DA:112,2
DA:113,38
DA:114,38
DA:115,2
DA:116,2
DA:117,2
DA:118,5
DA:119,5
DA:120,4
DA:121,5
DA:122,2
DA:123,2
DA:124,2
DA:125,2
DA:126,2
DA:127,2
DA:128,2
DA:129,2
DA:130,3
DA:131,3
DA:132,1
DA:133,1
DA:134,1
DA:135,3
DA:136,3
DA:137,1
DA:138,3
DA:139,2
DA:140,2
DA:141,2
DA:142,4
DA:143,4
DA:144,4
DA:145,4
DA:146,2
DA:147,2
DA:148,4
DA:149,2
DA:150,2
DA:151,2
DA:152,2
DA:153,2
DA:154,4
DA:155,4
DA:156,4
DA:157,4
DA:158,4
DA:159,2
DA:160,2
DA:161,4
DA:162,4
DA:163,4
DA:164,4
DA:165,4
DA:166,4
DA:167,4
DA:168,26
DA:169,26
DA:170,16
DA:171,26
DA:172,1
DA:173,1
DA:174,1
DA:175,26
DA:176,60
DA:177,60
DA:178,60
DA:179,60
DA:180,60
DA:181,15
DA:182,2
DA:183,3
DA:184,26
DA:185,26
DA:186,26
DA:187,2
DA:188,4
DA:189,2
DA:190,2
DA:191,2
DA:192,2
DA:193,2
DA:194,2
DA:195,2
DA:196,2
DA:197,2
LF:197
LH:197
BRDA:1,0,0,2
BRDA:12,1,0,1
BRDA:18,2,0,35804
BRDA:19,3,0,0
BRDA:20,4,0,67988
BRDA:21,5,0,35800
BRDA:28,6,0,21983
BRDA:28,7,0,25987
BRDA:28,8,0,22145
BRDA:29,9,0,21983
BRDA:29,10,0,5944
BRDA:29,11,0,11814
BRDA:30,12,0,19082
BRDA:31,13,0,11813
BRDA:34,14,0,11812
BRDA:44,15,0,0
BRDA:44,16,0,21983
BRDA:44,17,0,25987
BRDA:44,18,0,22145
BRDA:140,19,0,0
BRDA:22,20,0,106808
BRDA:23,21,0,142612
BRDA:23,22,0,0
BRDA:48,23,0,35804
BRDA:48,24,0,29860
BRDA:48,25,0,26804
BRDA:50,26,0,35804
BRDA:52,27,0,5
BRDA:56,28,0,3
BRDA:56,29,0,2
BRDA:54,30,0,11
BRDA:58,31,0,23706
BRDA:62,32,0,5
BRDA:64,33,0,47417
BRDA:65,34,0,194
BRDA:68,35,0,19951
BRDA:71,36,0,23706
BRDA:72,37,0,7
BRDA:73,38,0,6
BRDA:76,39,0,7
BRDA:79,40,0,1
BRDA:80,41,0,6
BRDA:82,42,0,3
BRDA:80,43,0,71103
BRDA:84,44,0,47397
BRDA:90,45,0,3
BRDA:98,46,0,0
BRDA:100,47,0,3110
BRDA:102,48,0,9130
BRDA:107,49,0,2
BRDA:109,50,0,3104
BRDA:109,51,0,3061
BRDA:112,52,0,38
BRDA:114,53,0,15
BRDA:114,54,0,23
BRDA:117,55,0,5
BRDA:119,56,0,1
BRDA:120,57,0,4
BRDA:121,58,0,3
BRDA:121,59,0,1
BRDA:129,60,0,3
BRDA:131,61,0,1
BRDA:131,62,0,1
BRDA:132,63,0,0
BRDA:136,64,0,2
BRDA:137,65,0,1
BRDA:137,66,0,6
BRDA:137,67,0,6
BRDA:141,68,0,4
BRDA:145,69,0,2
BRDA:149,70,0,2
BRDA:153,71,0,4
BRDA:158,72,0,2
BRDA:161,73,0,3
BRDA:161,74,0,2
BRDA:161,75,0,1
BRDA:167,76,0,3
BRDA:167,77,0,26
BRDA:169,78,0,10
BRDA:170,79,0,16
BRDA:171,80,0,1
BRDA:172,81,0,0
BRDA:172,82,0,0
BRDA:175,83,0,15
BRDA:175,84,0,60
BRDA:176,85,0,15
BRDA:176,86,0,43
BRDA:177,87,0,15
BRDA:177,88,0,43
BRDA:179,89,0,2
BRDA:181,90,0,15
BRDA:182,91,0,2
BRDA:183,92,0,26
BRDA:184,93,0,2
BRDA:185,94,0,1
BRDA:185,95,0,0
BRDA:185,96,0,0
BRDA:187,97,0,2
BRDA:161,98,0,1
BRDA:162,99,0,28
BRDA:162,100,0,14
BRDA:162,101,0,14
BRDA:162,102,0,14
BRDA:163,103,0,26
BRDA:163,104,0,26
BRDA:164,105,0,26
BRF:106
BRH:96
end_of_record
TN:
SF:dist/index.js
FNF:0
FNH:0
DA:1,1
DA:2,1
DA:3,1
DA:4,1
DA:5,1
LF:5
LH:5
BRDA:1,0,0,1
BRF:1
BRH:1
end_of_record
TN:
SF:dist/server.js
FN:13,fmtLine
FN:19,ruleObj
FN:25,buildServer
FNF:3
FNH:3
FNDA:3,fmtLine
FNDA:35,ruleObj
FNDA:1,buildServer
DA:1,1
DA:2,1
DA:3,1
DA:4,1
DA:5,1
DA:6,1
DA:7,1
DA:8,1
DA:9,1
DA:10,1
DA:11,1
DA:12,1
DA:13,1
DA:14,3
DA:15,3
DA:16,3
DA:17,3
DA:18,1
DA:19,1
DA:20,35
DA:21,35
DA:22,35
DA:23,35
DA:24,1
DA:25,1
DA:26,1
DA:27,1
DA:28,1
DA:29,1
DA:30,1
DA:31,1
DA:32,1
DA:33,1
DA:34,1
DA:35,1
DA:36,1
DA:37,1
DA:38,1
DA:39,1
DA:40,1
DA:41,1
DA:42,1
DA:43,1
DA:44,1
DA:45,1
DA:46,1
DA:47,1
DA:48,1
DA:49,1
DA:50,1
DA:51,1
DA:52,1
DA:53,1
DA:54,1
DA:55,1
DA:56,1
DA:57,1
DA:58,1
DA:59,1
DA:60,1
DA:61,1
DA:62,1
DA:63,0
DA:64,0
DA:65,1
DA:66,1
DA:67,1
DA:68,1
DA:69,1
DA:70,1
DA:71,1
DA:72,1
DA:73,1
DA:74,1
DA:75,1
DA:76,1
DA:77,1
DA:78,1
DA:79,1
DA:80,1
DA:81,1
DA:82,1
DA:83,1
DA:84,1
DA:85,1
DA:86,1
DA:87,1
DA:88,1
DA:89,1
DA:90,1
DA:91,1
DA:92,1
DA:93,1
DA:94,1
DA:95,1
DA:96,1
DA:97,1
DA:98,1
DA:99,1
DA:100,1
DA:101,1
DA:102,1
DA:103,1
DA:104,1
DA:105,1
DA:106,1
DA:107,1
DA:108,1
DA:109,1
DA:110,1
DA:111,1
DA:112,1
DA:113,1
DA:114,1
DA:115,1
DA:116,1
DA:117,1
DA:118,1
DA:119,1
DA:120,1
DA:121,1
DA:122,1
DA:123,1
DA:124,2
DA:125,2
DA:126,1
DA:127,1
DA:128,1
DA:129,1
DA:130,2
DA:131,1
DA:132,1
DA:133,1
DA:134,1
DA:135,1
DA:136,1
DA:137,1
DA:138,1
DA:139,1
DA:140,1
DA:141,1
DA:142,1
DA:143,1
DA:144,1
DA:145,1
DA:146,1
DA:147,1
DA:148,1
DA:149,1
DA:150,1
DA:151,1
DA:152,0
DA:153,1
DA:154,1
DA:155,1
DA:156,1
DA:157,1
DA:158,1
DA:159,1
DA:160,1
DA:161,1
DA:162,1
DA:163,1
DA:164,1
LF:164
LH:161
BRDA:1,0,0,1
BRDA:13,1,0,3
BRDA:15,2,0,0
BRDA:15,3,0,0
BRDA:15,4,0,0
BRDA:15,5,0,0
BRDA:16,6,0,0
BRDA:19,7,0,35
BRDA:21,8,0,0
BRDA:21,9,0,0
BRDA:22,10,0,0
BRDA:22,11,0,0
BRDA:25,12,0,1
BRDA:38,13,0,1
BRDA:42,14,0,0
BRDA:60,15,0,1
BRDA:62,16,0,0
BRDA:74,17,0,0
BRDA:83,18,0,0
BRDA:83,19,0,0
BRDA:84,20,0,0
BRDA:84,21,0,0
BRDA:101,22,0,0
BRDA:67,23,0,25
BRDA:69,24,0,25
BRDA:70,25,0,10
BRDA:70,26,0,250
BRDA:119,27,0,1
BRDA:123,28,0,2
BRDA:125,29,0,1
BRDA:143,30,0,1
BRDA:144,31,0,0
BRDA:144,32,0,0
BRDA:145,33,0,0
BRDA:149,34,0,0
BRDA:149,35,0,0
BRDA:151,36,0,0
BRDA:153,37,0,0
BRDA:144,38,0,1
BRDA:160,39,0,1
BRF:40
BRH:16
end_of_record
